<?xml version="1.0" encoding="UTF-8"?>
<testng-results skipped="0" failed="1" total="1" passed="0">
  <reporter-output>
  </reporter-output>
  <suite name="Default suite" duration-ms="32885" started-at="2015-10-26T06:55:52Z" finished-at="2015-10-26T06:56:25Z">
    <groups>
    </groups>
    <test name="Default test" duration-ms="32885" started-at="2015-10-26T06:55:52Z" finished-at="2015-10-26T06:56:25Z">
      <class name="com.paytm.test.TestSearch">
        <test-method status="PASS" signature="setup()[pri:0, instance:com.paytm.test.TestSearch@172036a1]" name="setup" is-config="true" duration-ms="11314" started-at="2015-10-26T12:25:52Z" finished-at="2015-10-26T12:26:04Z">
          <reporter-output>
          </reporter-output>
        </test-method> <!-- setup -->
        <test-method status="FAIL" signature="test_Home_Page_Appear_Correct()[pri:0, instance:com.paytm.test.TestSearch@172036a1]" name="test_Home_Page_Appear_Correct" duration-ms="21554" started-at="2015-10-26T12:26:04Z" finished-at="2015-10-26T12:26:25Z">
          <exception class="org.openqa.selenium.NoSuchElementException">
            <message>
              <![CDATA[Unable to locate element: {"method":"xpath","selector":"//div[@class='categoriesBar']/h1[contains(text(),'Gadget Store')]/.."}
Command duration or timeout: 13.03 seconds
For documentation on this error, please visit: http://seleniumhq.org/exceptions/no_such_element.html
Build info: version: '2.48.2', revision: '41bccdd', time: '2015-10-09 19:59:12'
System info: host: '197NODNB15125', ip: '127.0.1.1', os.name: 'Linux', os.arch: 'amd64', os.version: '3.16.0-50-generic', java.version: '1.7.0_79'
*** Element info: {Using=xpath, value=//div[@class='categoriesBar']/h1[contains(text(),'Gadget Store')]/..}
Session ID: 7ba813f3-89a9-4ea0-8128-48709e23c098
Driver info: org.openqa.selenium.firefox.FirefoxDriver
Capabilities [{platform=LINUX, acceptSslCerts=true, javascriptEnabled=true, cssSelectorsEnabled=true, databaseEnabled=true, browserName=firefox, handlesAlerts=true, nativeEvents=false, webStorageEnabled=true, rotatable=false, locationContextEnabled=true, applicationCacheEnabled=true, takesScreenshot=true, version=41.0.2}]]]>
            </message>
            <full-stacktrace>
              <![CDATA[org.openqa.selenium.NoSuchElementException: Unable to locate element: {"method":"xpath","selector":"//div[@class='categoriesBar']/h1[contains(text(),'Gadget Store')]/.."}
Command duration or timeout: 13.03 seconds
For documentation on this error, please visit: http://seleniumhq.org/exceptions/no_such_element.html
Build info: version: '2.48.2', revision: '41bccdd', time: '2015-10-09 19:59:12'
System info: host: '197NODNB15125', ip: '127.0.1.1', os.name: 'Linux', os.arch: 'amd64', os.version: '3.16.0-50-generic', java.version: '1.7.0_79'
*** Element info: {Using=xpath, value=//div[@class='categoriesBar']/h1[contains(text(),'Gadget Store')]/..}
Session ID: 7ba813f3-89a9-4ea0-8128-48709e23c098
Driver info: org.openqa.selenium.firefox.FirefoxDriver
Capabilities [{platform=LINUX, acceptSslCerts=true, javascriptEnabled=true, cssSelectorsEnabled=true, databaseEnabled=true, browserName=firefox, handlesAlerts=true, nativeEvents=false, webStorageEnabled=true, rotatable=false, locationContextEnabled=true, applicationCacheEnabled=true, takesScreenshot=true, version=41.0.2}]
	at sun.reflect.NativeConstructorAccessorImpl.newInstance0(Native Method)
	at sun.reflect.NativeConstructorAccessorImpl.newInstance(NativeConstructorAccessorImpl.java:57)
	at sun.reflect.DelegatingConstructorAccessorImpl.newInstance(DelegatingConstructorAccessorImpl.java:45)
	at java.lang.reflect.Constructor.newInstance(Constructor.java:526)
	at org.openqa.selenium.remote.ErrorHandler.createThrowable(ErrorHandler.java:206)
	at org.openqa.selenium.remote.ErrorHandler.throwIfResponseFailed(ErrorHandler.java:158)
	at org.openqa.selenium.remote.RemoteWebDriver.execute(RemoteWebDriver.java:647)
	at org.openqa.selenium.remote.RemoteWebDriver.findElement(RemoteWebDriver.java:353)
	at org.openqa.selenium.remote.RemoteWebDriver.findElementByXPath(RemoteWebDriver.java:490)
	at org.openqa.selenium.By$ByXPath.findElement(By.java:361)
	at org.openqa.selenium.remote.RemoteWebDriver.findElement(RemoteWebDriver.java:345)
	at org.openqa.selenium.support.pagefactory.DefaultElementLocator.findElement(DefaultElementLocator.java:69)
	at org.openqa.selenium.support.pagefactory.internal.LocatingElementHandler.invoke(LocatingElementHandler.java:38)
	at com.sun.proxy.$Proxy5.getText(Unknown Source)
	at com.paytm.page.HomePage.getBanner(HomePage.java:78)
	at com.paytm.test.TestSearch.test_Home_Page_Appear_Correct(TestSearch.java:47)
	at sun.reflect.NativeMethodAccessorImpl.invoke0(Native Method)
	at sun.reflect.NativeMethodAccessorImpl.invoke(NativeMethodAccessorImpl.java:57)
	at sun.reflect.DelegatingMethodAccessorImpl.invoke(DelegatingMethodAccessorImpl.java:43)
	at java.lang.reflect.Method.invoke(Method.java:606)
	at org.testng.internal.MethodInvocationHelper.invokeMethod(MethodInvocationHelper.java:85)
	at org.testng.internal.Invoker.invokeMethod(Invoker.java:639)
	at org.testng.internal.Invoker.invokeTestMethod(Invoker.java:821)
	at org.testng.internal.Invoker.invokeTestMethods(Invoker.java:1131)
	at org.testng.internal.TestMethodWorker.invokeTestMethods(TestMethodWorker.java:124)
	at org.testng.internal.TestMethodWorker.run(TestMethodWorker.java:108)
	at org.testng.TestRunner.privateRun(TestRunner.java:773)
	at org.testng.TestRunner.run(TestRunner.java:623)
	at org.testng.SuiteRunner.runTest(SuiteRunner.java:357)
	at org.testng.SuiteRunner.runSequentially(SuiteRunner.java:352)
	at org.testng.SuiteRunner.privateRun(SuiteRunner.java:310)
	at org.testng.SuiteRunner.run(SuiteRunner.java:259)
	at org.testng.SuiteRunnerWorker.runSuite(SuiteRunnerWorker.java:52)
	at org.testng.SuiteRunnerWorker.run(SuiteRunnerWorker.java:86)
	at org.testng.TestNG.runSuitesSequentially(TestNG.java:1185)
	at org.testng.TestNG.runSuitesLocally(TestNG.java:1110)
	at org.testng.TestNG.run(TestNG.java:1018)
	at org.testng.remote.RemoteTestNG.run(RemoteTestNG.java:111)
	at org.testng.remote.RemoteTestNG.initAndRun(RemoteTestNG.java:204)
	at org.testng.remote.RemoteTestNG.main(RemoteTestNG.java:175)
Caused by: org.openqa.selenium.NoSuchElementException: Unable to locate element: {"method":"xpath","selector":"//div[@class='categoriesBar']/h1[contains(text(),'Gadget Store')]/.."}
For documentation on this error, please visit: http://seleniumhq.org/exceptions/no_such_element.html
Build info: version: '2.48.2', revision: '41bccdd', time: '2015-10-09 19:59:12'
System info: host: '197NODNB15125', ip: '127.0.1.1', os.name: 'Linux', os.arch: 'amd64', os.version: '3.16.0-50-generic', java.version: '1.7.0_79'
Driver info: driver.version: unknown
	at <anonymous class>.FirefoxDriver.prototype.findElementInternal_(file:///tmp/anonymous5864653349090927018webdriver-profile/extensions/fxdriver@googlecode.com/components/driver-component.js:10659)
	at <anonymous class>.fxdriver.Timer.prototype.setTimeout/<.notify(file:///tmp/anonymous5864653349090927018webdriver-profile/extensions/fxdriver@googlecode.com/components/driver-component.js:621)
]]>
            </full-stacktrace>
          </exception> <!-- org.openqa.selenium.NoSuchElementException -->
          <reporter-output>
          </reporter-output>
        </test-method> <!-- test_Home_Page_Appear_Correct -->
      </class> <!-- com.paytm.test.TestSearch -->
    </test> <!-- Default test -->
  </suite> <!-- Default suite -->
</testng-results>
